<?xml version="1.0" encoding="UTF-8"?>
<!-- Generated by org.testng.reporters.JUnitXMLReporter -->
<testsuite ignored="0" hostname="DESKTOP-MESMCUG" failures="2" tests="3" name="Submit Order Test" time="8.817" errors="0" timestamp="2024-10-03T21:47:57 IST">
  <testcase classname="org.pk.Ecommerce.Test.SubmitOrderTest" name="submitOrder" time="1.716">
    <failure type="java.lang.NullPointerException" message="Cannot invoke &amp;quot;org.openqa.selenium.WebElement.findElement(org.openqa.selenium.By)&amp;quot; because &amp;quot;prod&amp;quot; is null">
      <![CDATA[java.lang.NullPointerException: Cannot invoke "org.openqa.selenium.WebElement.findElement(org.openqa.selenium.By)" because "prod" is null
at org.pk.Ecommerce.PageObjects.ProductCataloguePage.addProductToCart(ProductCataloguePage.java:54)
at org.pk.Ecommerce.Test.SubmitOrderTest.submitOrder(SubmitOrderTest.java:31)
at java.base/java.util.ArrayList.forEach(ArrayList.java:1596)
at java.base/java.util.concurrent.FutureTask.run(FutureTask.java:317)
at java.base/java.util.concurrent.ThreadPoolExecutor.runWorker(ThreadPoolExecutor.java:1144)
at java.base/java.util.concurrent.ThreadPoolExecutor$Worker.run(ThreadPoolExecutor.java:642)
at java.base/java.lang.Thread.run(Thread.java:1583)
... Removed 16 stack frames]]>
    </failure>
  </testcase> <!-- submitOrder -->
  <testcase classname="org.pk.Ecommerce.Test.SubmitOrderTest" name="submitOrder" time="1.722">
    <failure type="java.lang.NullPointerException" message="Cannot invoke &amp;quot;org.openqa.selenium.WebElement.findElement(org.openqa.selenium.By)&amp;quot; because &amp;quot;prod&amp;quot; is null">
      <![CDATA[java.lang.NullPointerException: Cannot invoke "org.openqa.selenium.WebElement.findElement(org.openqa.selenium.By)" because "prod" is null
at org.pk.Ecommerce.PageObjects.ProductCataloguePage.addProductToCart(ProductCataloguePage.java:54)
at org.pk.Ecommerce.Test.SubmitOrderTest.submitOrder(SubmitOrderTest.java:31)
at java.base/java.util.ArrayList.forEach(ArrayList.java:1596)
at java.base/java.util.concurrent.FutureTask.run(FutureTask.java:317)
at java.base/java.util.concurrent.ThreadPoolExecutor.runWorker(ThreadPoolExecutor.java:1144)
at java.base/java.util.concurrent.ThreadPoolExecutor$Worker.run(ThreadPoolExecutor.java:642)
at java.base/java.lang.Thread.run(Thread.java:1583)
... Removed 16 stack frames]]>
    </failure>
  </testcase> <!-- submitOrder -->
  <testcase classname="org.pk.Ecommerce.Test.SubmitOrderTest" name="orderHistoryTest" time="0.001">
    <skipped/>
  </testcase> <!-- orderHistoryTest -->
</testsuite> <!-- Submit Order Test -->
